# JRE version: OpenJDK Runtime Environment Corretto-17.0.2.8.1 (17.0.2+8) (build 17.0.2+8-LTS)
# Java VM: OpenJDK 64-Bit Server VM Corretto-17.0.2.8.1 (17.0.2+8-LTS, mixed mode, sharing, tiered, compressed oops, compressed class ptrs, g1 gc, windows-amd64)
GC Precious Log:
 CPUs: 4 total, 4 available
 Memory: 4012M
 Large Page Support: Disabled
 NUMA Support: Disabled
 Compressed Oops: Enabled (32-bit)
 Heap Region Size: 1M
 Heap Min Capacity: 8M
 Heap Initial Capacity: 64M
 Heap Max Capacity: 1004M
 Pre-touch: Disabled
 Parallel Workers: 4
 Concurrent Workers: 1
 Concurrent Refinement Workers: 4
 Periodic GC: Disabled
Heap:
 garbage-first heap   total 51200K, used 22752K [0x00000000c1400000, 0x0000000100000000)
  region size 1024K, 9 young (9216K), 1 survivors (1024K)
 Metaspace       used 28579K, committed 28928K, reserved 1081344K
  class space    used 3619K, committed 3776K, reserved 1048576K
GC Heap History (14 events):
Event: 6.546 GC heap before
{Heap before GC invocations=0 (full 0):
 garbage-first heap   total 65536K, used 13312K [0x00000000c1400000, 0x0000000100000000)
  region size 1024K, 13 young (13312K), 0 survivors (0K)
 Metaspace       used 3210K, committed 3328K, reserved 1056768K
  class space    used 328K, committed 384K, reserved 1048576K
}
Event: 6.609 GC heap after
{Heap after GC invocations=1 (full 0):
 garbage-first heap   total 65536K, used 6767K [0x00000000c1400000, 0x0000000100000000)
  region size 1024K, 2 young (2048K), 2 survivors (2048K)
 Metaspace       used 3210K, committed 3328K, reserved 1056768K
  class space    used 328K, committed 384K, reserved 1048576K
}
Event: 7.879 GC heap before
{Heap before GC invocations=1 (full 0):
 garbage-first heap   total 65536K, used 13935K [0x00000000c1400000, 0x0000000100000000)
  region size 1024K, 9 young (9216K), 2 survivors (2048K)
 Metaspace       used 5366K, committed 5504K, reserved 1056768K
  class space    used 629K, committed 704K, reserved 1048576K
}
Event: 7.892 GC heap after
{Heap after GC invocations=2 (full 0):
 garbage-first heap   total 65536K, used 7823K [0x00000000c1400000, 0x0000000100000000)
  region size 1024K, 1 young (1024K), 1 survivors (1024K)
 Metaspace       used 5366K, committed 5504K, reserved 1056768K
  class space    used 629K, committed 704K, reserved 1048576K
}
Event: 9.295 GC heap before
{Heap before GC invocations=2 (full 0):
 garbage-first heap   total 65536K, used 30351K [0x00000000c1400000, 0x0000000100000000)
  region size 1024K, 23 young (23552K), 1 survivors (1024K)
 Metaspace       used 11650K, committed 11840K, reserved 1064960K
  class space    used 1399K, committed 1472K, reserved 1048576K
}
Event: 9.302 GC heap after
{Heap after GC invocations=3 (full 0):
 garbage-first heap   total 65536K, used 9067K [0x00000000c1400000, 0x0000000100000000)
  region size 1024K, 3 young (3072K), 3 survivors (3072K)
 Metaspace       used 11650K, committed 11840K, reserved 1064960K
  class space    used 1399K, committed 1472K, reserved 1048576K
}
Event: 13.678 GC heap before
{Heap before GC invocations=3 (full 0):
 garbage-first heap   total 65536K, used 37739K [0x00000000c1400000, 0x0000000100000000)
  region size 1024K, 32 young (32768K), 3 survivors (3072K)
 Metaspace       used 16478K, committed 16768K, reserved 1064960K
  class space    used 2013K, committed 2176K, reserved 1048576K
}
Event: 13.711 GC heap after
{Heap after GC invocations=4 (full 0):
 garbage-first heap   total 65536K, used 11020K [0x00000000c1400000, 0x0000000100000000)
  region size 1024K, 4 young (4096K), 4 survivors (4096K)
 Metaspace       used 16478K, committed 16768K, reserved 1064960K
  class space    used 2013K, committed 2176K, reserved 1048576K
}
Event: 46.819 GC heap before
{Heap before GC invocations=4 (full 0):
 garbage-first heap   total 65536K, used 36620K [0x00000000c1400000, 0x0000000100000000)
  region size 1024K, 30 young (30720K), 4 survivors (4096K)
 Metaspace       used 21263K, committed 21504K, reserved 1073152K
  class space    used 2679K, committed 2816K, reserved 1048576K
}
Event: 47.065 GC heap after
{Heap after GC invocations=5 (full 0):
 garbage-first heap   total 65536K, used 13351K [0x00000000c1400000, 0x0000000100000000)
  region size 1024K, 5 young (5120K), 5 survivors (5120K)
 Metaspace       used 21263K, committed 21504K, reserved 1073152K
  class space    used 2679K, committed 2816K, reserved 1048576K
}
Event: 97.737 GC heap before
{Heap before GC invocations=6 (full 0):
 garbage-first heap   total 51200K, used 38951K [0x00000000c1400000, 0x0000000100000000)
  region size 1024K, 30 young (30720K), 5 survivors (5120K)
 Metaspace       used 26297K, committed 26624K, reserved 1073152K
  class space    used 3320K, committed 3456K, reserved 1048576K
}
Event: 97.779 GC heap after
{Heap after GC invocations=7 (full 0):
 garbage-first heap   total 51200K, used 16029K [0x00000000c1400000, 0x0000000100000000)
  region size 1024K, 3 young (3072K), 3 survivors (3072K)
 Metaspace       used 26297K, committed 26624K, reserved 1073152K
  class space    used 3320K, committed 3456K, reserved 1048576K
}
Event: 98.899 GC heap before
{Heap before GC invocations=7 (full 0):
 garbage-first heap   total 51200K, used 17053K [0x00000000c1400000, 0x0000000100000000)
  region size 1024K, 4 young (4096K), 3 survivors (3072K)
 Metaspace       used 26401K, committed 26688K, reserved 1073152K
  class space    used 3343K, committed 3456K, reserved 1048576K
}
Event: 98.915 GC heap after
{Heap after GC invocations=8 (full 0):
 garbage-first heap   total 51200K, used 16608K [0x00000000c1400000, 0x0000000100000000)
  region size 1024K, 1 young (1024K), 1 survivors (1024K)
 Metaspace       used 26401K, committed 26688K, reserved 1073152K
  class space    used 3343K, committed 3456K, reserved 1048576K
}

